  Backend.cpp
  Developer.cpp
  Frontend.cpp
  Lab6P3_HectorCaceres.cpp
C:\Users\hecto\source\repos\Lab6P3_HectorCaceres\Lab6P3_HectorCaceres\Lab6P3_HectorCaceres.cpp(58,3): error C2360: initialization of 'd4' is skipped by 'case' label
C:\Users\hecto\source\repos\Lab6P3_HectorCaceres\Lab6P3_HectorCaceres\Lab6P3_HectorCaceres.cpp(39,15): message : see declaration of 'd4'
C:\Users\hecto\source\repos\Lab6P3_HectorCaceres\Lab6P3_HectorCaceres\Lab6P3_HectorCaceres.cpp(58,3): error C2360: initialization of 'd3' is skipped by 'case' label
C:\Users\hecto\source\repos\Lab6P3_HectorCaceres\Lab6P3_HectorCaceres\Lab6P3_HectorCaceres.cpp(38,15): message : see declaration of 'd3'
C:\Users\hecto\source\repos\Lab6P3_HectorCaceres\Lab6P3_HectorCaceres\Lab6P3_HectorCaceres.cpp(58,3): error C2360: initialization of 'd2' is skipped by 'case' label
C:\Users\hecto\source\repos\Lab6P3_HectorCaceres\Lab6P3_HectorCaceres\Lab6P3_HectorCaceres.cpp(37,15): message : see declaration of 'd2'
C:\Users\hecto\source\repos\Lab6P3_HectorCaceres\Lab6P3_HectorCaceres\Lab6P3_HectorCaceres.cpp(58,3): error C2360: initialization of 'd1' is skipped by 'case' label
C:\Users\hecto\source\repos\Lab6P3_HectorCaceres\Lab6P3_HectorCaceres\Lab6P3_HectorCaceres.cpp(36,15): message : see declaration of 'd1'
C:\Users\hecto\source\repos\Lab6P3_HectorCaceres\Lab6P3_HectorCaceres\Lab6P3_HectorCaceres.cpp(60,3): error C2360: initialization of 'd4' is skipped by 'case' label
C:\Users\hecto\source\repos\Lab6P3_HectorCaceres\Lab6P3_HectorCaceres\Lab6P3_HectorCaceres.cpp(39,15): message : see declaration of 'd4'
C:\Users\hecto\source\repos\Lab6P3_HectorCaceres\Lab6P3_HectorCaceres\Lab6P3_HectorCaceres.cpp(60,3): error C2360: initialization of 'd3' is skipped by 'case' label
C:\Users\hecto\source\repos\Lab6P3_HectorCaceres\Lab6P3_HectorCaceres\Lab6P3_HectorCaceres.cpp(38,15): message : see declaration of 'd3'
C:\Users\hecto\source\repos\Lab6P3_HectorCaceres\Lab6P3_HectorCaceres\Lab6P3_HectorCaceres.cpp(60,3): error C2360: initialization of 'd2' is skipped by 'case' label
C:\Users\hecto\source\repos\Lab6P3_HectorCaceres\Lab6P3_HectorCaceres\Lab6P3_HectorCaceres.cpp(37,15): message : see declaration of 'd2'
C:\Users\hecto\source\repos\Lab6P3_HectorCaceres\Lab6P3_HectorCaceres\Lab6P3_HectorCaceres.cpp(60,3): error C2360: initialization of 'd1' is skipped by 'case' label
C:\Users\hecto\source\repos\Lab6P3_HectorCaceres\Lab6P3_HectorCaceres\Lab6P3_HectorCaceres.cpp(36,15): message : see declaration of 'd1'
C:\Users\hecto\source\repos\Lab6P3_HectorCaceres\Lab6P3_HectorCaceres\Lab6P3_HectorCaceres.cpp(63,3): error C2361: initialization of 'd4' is skipped by 'default' label
C:\Users\hecto\source\repos\Lab6P3_HectorCaceres\Lab6P3_HectorCaceres\Lab6P3_HectorCaceres.cpp(39,15): message : see declaration of 'd4'
C:\Users\hecto\source\repos\Lab6P3_HectorCaceres\Lab6P3_HectorCaceres\Lab6P3_HectorCaceres.cpp(63,3): error C2361: initialization of 'd3' is skipped by 'default' label
C:\Users\hecto\source\repos\Lab6P3_HectorCaceres\Lab6P3_HectorCaceres\Lab6P3_HectorCaceres.cpp(38,15): message : see declaration of 'd3'
C:\Users\hecto\source\repos\Lab6P3_HectorCaceres\Lab6P3_HectorCaceres\Lab6P3_HectorCaceres.cpp(63,3): error C2361: initialization of 'd2' is skipped by 'default' label
C:\Users\hecto\source\repos\Lab6P3_HectorCaceres\Lab6P3_HectorCaceres\Lab6P3_HectorCaceres.cpp(37,15): message : see declaration of 'd2'
C:\Users\hecto\source\repos\Lab6P3_HectorCaceres\Lab6P3_HectorCaceres\Lab6P3_HectorCaceres.cpp(63,3): error C2361: initialization of 'd1' is skipped by 'default' label
C:\Users\hecto\source\repos\Lab6P3_HectorCaceres\Lab6P3_HectorCaceres\Lab6P3_HectorCaceres.cpp(36,15): message : see declaration of 'd1'
  Generating Code...
